生成启动时间为 2017/6/20 16:04:33。
     1>项目“D:\MyProgram\C\other\2048\2048\2048.vcxproj”在节点 2 上(Build 个目标)。
     1>ClCompile:
         D:\VS2015\install\VC\bin\CL.exe /c /ZI /nologo /W3 /WX- /Od /Oy- /D WIN32 /D _DEBUG /D _CONSOLE /D _UNICODE /D UNICODE /Gm /EHsc /RTC1 /MDd /GS /fp:precise /Zc:wchar_t /Zc:forScope /Zc:inline /Fo"Debug\\" /Fd"Debug\vc140.pdb" /Gd /TP /analyze- /errorReport:prompt init.cpp mian.cpp play.cpp
         play.cpp
         mian.cpp
     1>d:\myprogram\c\other\2048\2048\mian.cpp(57): warning C4996: 'getch': The POSIX name for this item is deprecated. Instead, use the ISO C and C++ conformant name: _getch. See online help for details.
         c:\program files (x86)\windows kits\10\include\10.0.10150.0\ucrt\conio.h(452): note: 参见“getch”的声明
         init.cpp
     1>d:\myprogram\c\other\2048\2048\init.cpp(15): warning C4244: “参数”: 从“time_t”转换到“unsigned int”，可能丢失数据
         正在生成代码...
       Link:
         D:\VS2015\install\VC\bin\link.exe /ERRORREPORT:PROMPT /OUT:"D:\MyProgram\C\other\2048\Debug\2048.exe" /INCREMENTAL /NOLOGO kernel32.lib user32.lib gdi32.lib winspool.lib comdlg32.lib advapi32.lib shell32.lib ole32.lib oleaut32.lib uuid.lib odbc32.lib odbccp32.lib /MANIFEST /MANIFESTUAC:"level='asInvoker' uiAccess='false'" /manifest:embed /Debug /PDB:"D:\MyProgram\C\other\2048\Debug\2048.pdb" /SUBSYSTEM:CONSOLE /TLBID:1 /DYNAMICBASE /NXCOMPAT /IMPLIB:"D:\MyProgram\C\other\2048\Debug\2048.lib" /MACHINE:X86 Debug\draw.obj
         Debug\init.obj
         Debug\mian.obj
         Debug\play.obj
         2048.vcxproj -> D:\MyProgram\C\other\2048\Debug\2048.exe
     1>已完成生成项目“D:\MyProgram\C\other\2048\2048\2048.vcxproj”(Build 个目标)的操作。

已成功生成。

已用时间 00:00:06.16
